#
# There is insufficient memory for the Java Runtime Environment to continue.
# Native memory allocation (mmap) failed to map 4294967296 bytes for G1 virtual space
# Possible reasons:
#   The system is out of physical RAM or swap space
#   The process is running with CompressedOops enabled, and the Java Heap may be blocking the growth of the native heap
# Possible solutions:
#   Reduce memory load on the system
#   Increase physical memory or swap space
#   Check if swap backing store is full
#   Decrease Java heap size (-Xmx/-Xms)
#   Decrease number of Java threads
#   Decrease Java thread stack sizes (-Xss)
#   Set larger code cache with -XX:ReservedCodeCacheSize=
#   JVM is running with Zero Based Compressed Oops mode in which the Java heap is
#     placed in the first 32GB address space. The Java Heap base address is the
#     maximum limit for the native heap growth. Please use -XX:HeapBaseMinAddress
#     to set the Java Heap base and to place the Java Heap above 32GB virtual address.
# This output file may be truncated or incomplete.
#
#  Out of Memory Error (./open/src/hotspot/os/windows/os_windows.cpp:3472), pid=17716, tid=11272
#
# JRE version:  (15.0+36) (build )
# Java VM: Java HotSpot(TM) 64-Bit Server VM (15+36-1562, mixed mode, sharing, tiered, compressed oops, g1 gc, windows-amd64)
# No core dump will be written. Minidumps are not enabled by default on client versions of Windows
#

---------------  S U M M A R Y ------------

Command Line: -Dmaven.multiModuleProjectDirectory=C:\Users\Kullanýcý\Desktop\TMS -Dmaven.home=D:\JetBrains\IntelliJ IDEA Community Edition 2021.3.1\plugins\maven\lib\maven3 -Dclassworlds.conf=D:\JetBrains\IntelliJ IDEA Community Edition 2021.3.1\plugins\maven\lib\maven3\bin\m2.conf -Dmaven.ext.class.path=D:\JetBrains\IntelliJ IDEA Community Edition 2021.3.1\plugins\maven\lib\maven-event-listener.jar -javaagent:D:\JetBrains\IntelliJ IDEA Community Edition 2021.3.1\lib\idea_rt.jar=50102:D:\JetBrains\IntelliJ IDEA Community Edition 2021.3.1\bin -Dfile.encoding=UTF-8 -Xmx4096m -Xms4096m org.codehaus.classworlds.Launcher -Didea.version=2021.3.1 clean

Host: Intel(R) Core(TM) i7-7700HQ CPU @ 2.80GHz, 8 cores, 15G,  Windows 10 , 64 bit Build 19041 (10.0.19041.1348)
Time: Mon Jan 10 19:52:31 2022 Turkey Standard Time elapsed time: 0.017367 seconds (0d 0h 0m 0s)

---------------  T H R E A D  ---------------

Current thread (0x000001d09756c310):  JavaThread "Unknown thread" [_thread_in_vm, id=11272, stack(0x00000038fea00000,0x00000038feb00000)]

Stack: [0x00000038fea00000,0x00000038feb00000]
Native frames: (J=compiled Java code, j=interpreted, Vv=VM code, C=native code)
V  [jvm.dll+0x629eaa]
V  [jvm.dll+0x780379]
V  [jvm.dll+0x781ad3]
V  [jvm.dll+0x782133]
V  [jvm.dll+0x2159d5]
V  [jvm.dll+0x627299]
V  [jvm.dll+0x61bdd5]
V  [jvm.dll+0x2cf96d]
V  [jvm.dll+0x2cf7d2]
V  [jvm.dll+0x2d57ac]
V  [jvm.dll+0x32523a]
V  [jvm.dll+0x324904]
V  [jvm.dll+0x2a68ea]
V  [jvm.dll+0x2a7a88]
V  [jvm.dll+0x75d0f1]
V  [jvm.dll+0x333af4]
V  [jvm.dll+0x73d816]
V  [jvm.dll+0x3b68e7]
V  [jvm.dll+0x3b8371]
C  [jli.dll+0x52fb]
C  [ucrtbase.dll+0x21bb2]
C  [KERNEL32.DLL+0x17034]
C  [ntdll.dll+0x52651]


---------------  P R O C E S S  ---------------

Threads class SMR info:
_java_thread_list=0x00007ff967a72fa0, length=0, elements={
}

Java Threads: ( => current thread )

Other Threads:
  0x000001d0975bab40 GCTaskThread "GC Thread#0" [stack: 0x00000038feb00000,0x00000038fec00000] [id=34780]
  0x000001d0975cbee0 ConcurrentGCThread "G1 Main Marker" [stack: 0x00000038fec00000,0x00000038fed00000] [id=38924]
  0x000001d0975cd2f0 ConcurrentGCThread "G1 Conc#0" [stack: 0x00000038fed00000,0x00000038fee00000] [id=65788]

[error occurred during error reporting (printing all threads), id 0xc0000005, EXCEPTION_ACCESS_VIOLATION (0xc0000005) at pc=0x00007ff9672677b7]

VM state: not at safepoint (not fully initialized)

VM Mutex/Monitor currently owned by a thread:  ([mutex/lock_event])
[0x000001d0975671f0] Heap_lock - owner thread: 0x000001d09756c310

Heap address: 0x0000000700000000, size: 4096 MB, Compressed Oops mode: Zero based, Oop shift amount: 3
CDS archive(s) mapped at: [0x0000000000000000-0x0000000000000000-0x0000000000000000), size 0, SharedBaseAddress: 0x0000000800000000, ArchiveRelocationMode: 0.
Narrow klass base: 0x0000000000000000, Narrow klass shift: 0, Narrow klass range: 0x0

Heap:
 garbage-first heap   total 4194304K, used 0K [0x0000000700000000, 0x0000000800000000)
  region size 2048K, 0 young (0K), 0 survivors (0K)
 Metaspace       used 0K, capacity 0K, committed 0K, reserved 0K
  class space    used 0K, capacity 0K, committed 0K, reserved 0K

Heap Regions: E=young(eden), S=young(survivor), O=old, HS=humongous(starts), HC=humongous(continues), CS=collection set, F=free, OA=open archive, CA=closed archive, TAMS=top-at-mark-start (previous, next)

Card table byte_map: [0x000001d0af2d0000,0x000001d0afad0000] _byte_map_base: 0x000001d0abad0000

Marking Bits (Prev, Next): (CMBitMap*) 0x000001d0975bb3b0, (CMBitMap*) 0x000001d0975bb3f0
 Prev Bits: [0x000001d0b02d0000, 0x000001d0b42d0000)
 Next Bits: [0x000001d0b42d0000, 0x000001d0b82d0000)

GC Heap History (0 events):
No events

Deoptimization events (0 events):
No events

Classes unloaded (0 events):
No events

Classes redefined (0 events):
No events

Internal exceptions (0 events):
No events

Events (1 events):
Event: 0.010 Loaded shared library C:\Program Files\Java\jdk-15\bin\java.dll


Dynamic libraries:
0x00007ff649e40000 - 0x00007ff649e4f000 	C:\Program Files\Java\jdk-15\bin\java.exe
0x00007ff9bb7f0000 - 0x00007ff9bb9e5000 	C:\WINDOWS\SYSTEM32\ntdll.dll
0x00007ff98c0f0000 - 0x00007ff98c106000 	C:\Program Files\AVG\Antivirus\aswhook.dll
0x00007ff9bab40000 - 0x00007ff9babfe000 	C:\WINDOWS\System32\KERNEL32.DLL
0x00007ff9b9370000 - 0x00007ff9b9638000 	C:\WINDOWS\System32\KERNELBASE.dll
0x00007ff9b9690000 - 0x00007ff9b9790000 	C:\WINDOWS\System32\ucrtbase.dll
0x00007ff9b2700000 - 0x00007ff9b2719000 	C:\Program Files\Java\jdk-15\bin\VCRUNTIME140.dll
0x00007ff9b2b10000 - 0x00007ff9b2b28000 	C:\Program Files\Java\jdk-15\bin\jli.dll
0x00007ff9bac00000 - 0x00007ff9bacac000 	C:\WINDOWS\System32\ADVAPI32.dll
0x00007ff9b9c50000 - 0x00007ff9b9cee000 	C:\WINDOWS\System32\msvcrt.dll
0x00007ff9b9830000 - 0x00007ff9b98cb000 	C:\WINDOWS\System32\sechost.dll
0x00007ff9bade0000 - 0x00007ff9baf0a000 	C:\WINDOWS\System32\RPCRT4.dll
0x00007ff9bb600000 - 0x00007ff9bb7a1000 	C:\WINDOWS\System32\USER32.dll
0x00007ff9a2210000 - 0x00007ff9a24aa000 	C:\WINDOWS\WinSxS\amd64_microsoft.windows.common-controls_6595b64144ccf1df_6.0.19041.1110_none_60b5254171f9507e\COMCTL32.dll
0x00007ff9b91d0000 - 0x00007ff9b91f2000 	C:\WINDOWS\System32\win32u.dll
0x00007ff9b9b70000 - 0x00007ff9b9b9b000 	C:\WINDOWS\System32\GDI32.dll
0x00007ff9b90c0000 - 0x00007ff9b91cd000 	C:\WINDOWS\System32\gdi32full.dll
0x00007ff9b9790000 - 0x00007ff9b982d000 	C:\WINDOWS\System32\msvcp_win.dll
0x00007ff9b1950000 - 0x00007ff9b195a000 	C:\WINDOWS\SYSTEM32\VERSION.dll
0x00007ff9bb410000 - 0x00007ff9bb440000 	C:\WINDOWS\System32\IMM32.DLL
0x00007ff9b42d0000 - 0x00007ff9b42dc000 	C:\Program Files\Java\jdk-15\bin\vcruntime140_1.dll
0x00007ff98f450000 - 0x00007ff98f4e1000 	C:\Program Files\Java\jdk-15\bin\msvcp140.dll
0x00007ff966fb0000 - 0x00007ff967b0c000 	C:\Program Files\Java\jdk-15\bin\server\jvm.dll
0x00007ff9bb5f0000 - 0x00007ff9bb5f8000 	C:\WINDOWS\System32\PSAPI.DLL
0x00007ff9ae290000 - 0x00007ff9ae299000 	C:\WINDOWS\SYSTEM32\WSOCK32.dll
0x00007ff9a8300000 - 0x00007ff9a8327000 	C:\WINDOWS\SYSTEM32\WINMM.dll
0x00007ff9ba640000 - 0x00007ff9ba6ab000 	C:\WINDOWS\System32\WS2_32.dll
0x00007ff9b7780000 - 0x00007ff9b7792000 	C:\WINDOWS\SYSTEM32\kernel.appcore.dll
0x00007ff9b3f60000 - 0x00007ff9b3f6a000 	C:\Program Files\Java\jdk-15\bin\jimage.dll
0x00007ff9b6dd0000 - 0x00007ff9b6fb4000 	C:\WINDOWS\SYSTEM32\DBGHELP.DLL
0x00007ff9b1010000 - 0x00007ff9b103c000 	C:\WINDOWS\SYSTEM32\dbgcore.DLL
0x00007ff9b92e0000 - 0x00007ff9b9362000 	C:\WINDOWS\System32\bcryptPrimitives.dll
0x00007ff9b2fe0000 - 0x00007ff9b2fee000 	C:\Program Files\Java\jdk-15\bin\instrument.dll
0x00007ff9a2670000 - 0x00007ff9a2695000 	C:\Program Files\Java\jdk-15\bin\java.dll

dbghelp: loaded successfully - version: 4.0.5 - missing functions: none
symbol engine: initialized successfully - sym options: 0x614 - pdb path: .;C:\Program Files\Java\jdk-15\bin;C:\WINDOWS\SYSTEM32;C:\Program Files\AVG\Antivirus;C:\WINDOWS\WinSxS\amd64_microsoft.windows.common-controls_6595b64144ccf1df_6.0.19041.1110_none_60b5254171f9507e;C:\Program Files\Java\jdk-15\bin\server

VM Arguments:
jvm_args: -Dmaven.multiModuleProjectDirectory=C:\Users\Kullanýcý\Desktop\TMS -Dmaven.home=D:\JetBrains\IntelliJ IDEA Community Edition 2021.3.1\plugins\maven\lib\maven3 -Dclassworlds.conf=D:\JetBrains\IntelliJ IDEA Community Edition 2021.3.1\plugins\maven\lib\maven3\bin\m2.conf -Dmaven.ext.class.path=D:\JetBrains\IntelliJ IDEA Community Edition 2021.3.1\plugins\maven\lib\maven-event-listener.jar -javaagent:D:\JetBrains\IntelliJ IDEA Community Edition 2021.3.1\lib\idea_rt.jar=50102:D:\JetBrains\IntelliJ IDEA Community Edition 2021.3.1\bin -Dfile.encoding=UTF-8 -Xmx4096m -Xms4096m 
java_command: org.codehaus.classworlds.Launcher -Didea.version=2021.3.1 clean
java_class_path (initial): D:\JetBrains\IntelliJ IDEA Community Edition 2021.3.1\plugins\maven\lib\maven3\boot\plexus-classworlds-2.6.0.jar;D:\JetBrains\IntelliJ IDEA Community Edition 2021.3.1\plugins\maven\lib\maven3\boot\plexus-classworlds.license
Launcher Type: SUN_STANDARD

[Global flags]
     intx CICompilerCount                          = 4                                         {product} {ergonomic}
     uint ConcGCThreads                            = 2                                         {product} {ergonomic}
     uint G1ConcRefinementThreads                  = 8                                         {product} {ergonomic}
   size_t G1HeapRegionSize                         = 2097152                                   {product} {ergonomic}
    uintx GCDrainStackTargetSize                   = 64                                        {product} {ergonomic}
   size_t InitialHeapSize                          = 4294967296                                {product} {command line}
   size_t MarkStackSize                            = 4194304                                   {product} {ergonomic}
   size_t MaxHeapSize                              = 4294967296                                {product} {command line}
   size_t MinHeapDeltaBytes                        = 2097152                                   {product} {ergonomic}
   size_t MinHeapSize                              = 4294967296                                {product} {command line}
    uintx NonNMethodCodeHeapSize                   = 5839372                                {pd product} {ergonomic}
    uintx NonProfiledCodeHeapSize                  = 122909434                              {pd product} {ergonomic}
    uintx ProfiledCodeHeapSize                     = 122909434                              {pd product} {ergonomic}
    uintx ReservedCodeCacheSize                    = 251658240                              {pd product} {ergonomic}
     bool SegmentedCodeCache                       = true                                      {product} {ergonomic}
   size_t SoftMaxHeapSize                          = 4294967296                             {manageable} {ergonomic}
     bool UseCompressedClassPointers               = true                                 {lp64_product} {ergonomic}
     bool UseCompressedOops                        = true                                 {lp64_product} {ergonomic}
     bool UseG1GC                                  = true                                      {product} {ergonomic}
     bool UseLargePagesIndividualAllocation        = false                                  {pd product} {ergonomic}

Logging:
Log output configuration:
 #0: stdout all=warning uptime,level,tags
 #1: stderr all=off uptime,level,tags

Environment Variables:
_JAVA_OPTIONS=-Xmx4096m -Xms4096m
PATH=C:\Program Files (x86)\VMware\VMware Workstation\bin\;C:\Program Files (x86)\Common Files\Oracle\Java\javapath;C:\Program Files\Common Files\Oracle\Java\javapath;C:\Windows\system32;C:\Windows;C:\Windows\System32\Wbem;C:\Windows\System32\WindowsPowerShell\v1.0\;C:\Program Files\NVIDIA Corporation\NVIDIA NvDLISR;C:\WINDOWS\system32;C:\WINDOWS;C:\WINDOWS\System32\Wbem;C:\WINDOWS\System32\WindowsPowerShell\v1.0\;C:\WINDOWS\System32\OpenSSH\;C:\Program Files (x86)\NVIDIA Corporation\PhysX\Common;D:\Brackets\command;C:\WINDOWS\system32;C:\WINDOWS;C:\WINDOWS\System32\Wbem;C:\WINDOWS\System32\WindowsPowerShell\v1.0\;C:\WINDOWS\System32\OpenSSH\;C:\Program Files\Git\cmd;C:\Program Files\dotnet\;C:\Program Files\Azure Data Studio\bin;C:\Program Files\Microsoft SQL Server\Client SDK\ODBC\170\Tools\Binn\;C:\Program Files (x86)\Microsoft SQL Server\150\Tools\Binn\;C:\Program Files\Microsoft SQL Server\150\Tools\Binn\;C:\Program Files\Microsoft SQL Server\150\DTS\Binn\;C:\Program Files (x86)\Microsoft SQL Server\150\DTS\Binn\;C:\Program Files (x86)\dotnet\;C:\Program Files (x86)\ZeroTier\One\;C:\Users\Kullanýcý\AppData\Local\Programs\Python\Python37-32\Scripts\;C:\Users\Kullanýcý\AppData\Local\Programs\Python\Python37-32\;C:\Users\Kullanýcý\AppData\Local\Microsoft\WindowsApps;D:\PyCharm Community Edition 2021.1.1\bin;;C:\Users\Kullanýcý\AppData\Local\GitHubDesktop\bin;C:\Users\Kullanýcý\.dotnet\tools;C:\Users\Kullanýcý\AppData\Local\Programs\Microsoft VS Code\bin;;C:\Program Files\Azure Data Studio\bin
USERNAME=Kullanýcý
OS=Windows_NT
PROCESSOR_IDENTIFIER=Intel64 Family 6 Model 158 Stepping 9, GenuineIntel



---------------  S Y S T E M  ---------------

OS:
 Windows 10 , 64 bit Build 19041 (10.0.19041.1348)
OS uptime: 7 days 18:08 hours

CPU: total 8 (initial active 8) (4 cores per cpu, 2 threads per core) family 6 model 158 stepping 9, cmov, cx8, fxsr, mmx, sse, sse2, sse3, ssse3, sse4.1, sse4.2, popcnt, vzeroupper, avx, avx2, aes, clmul, erms, 3dnowpref, lzcnt, ht, tsc, tscinvbit, bmi1, bmi2, adx, fma, clflush, clflushopt

Memory: 4k page, system-wide physical 16276M (4029M free)
TotalPageFile size 35465M (AvailPageFile size 3824M)
current process WorkingSet (physical memory assigned to process): 10M, peak: 10M
current process commit charge ("private bytes"): 60M, peak: 4156M

vm_info: Java HotSpot(TM) 64-Bit Server VM (15+36-1562) for windows-amd64 JRE (15+36-1562), built on Aug 11 2020 22:38:02 by "mach5one" with unknown MS VC++:1925

END.
